2023/07/10 10:11:42 [notice] 1#1: using the "epoll" event method
2023/07/10 10:11:42 [notice] 1#1: nginx/1.24.0
2023/07/10 10:11:42 [notice] 1#1: built by gcc 12.2.1 20220924 (Alpine 12.2.1_git20220924-r4) 
2023/07/10 10:11:42 [notice] 1#1: OS: Linux 5.19.0-46-generic
2023/07/10 10:11:42 [notice] 1#1: getrlimit(RLIMIT_NOFILE): 1048576:1048576
2023/07/10 10:11:42 [notice] 1#1: start worker processes
2023/07/10 10:11:42 [notice] 1#1: start worker process 30
2023/07/10 10:11:42 [notice] 1#1: start worker process 31
2023/07/10 10:11:42 [notice] 1#1: start worker process 32
2023/07/10 10:11:42 [notice] 1#1: start worker process 33
2023/07/10 10:11:42 [notice] 1#1: start worker process 34
2023/07/10 10:11:42 [notice] 1#1: start worker process 35
2023/07/10 10:11:42 [notice] 1#1: start worker process 36
2023/07/10 10:11:42 [notice] 1#1: start worker process 37
2023/07/10 10:11:42 [notice] 1#1: start worker process 38
2023/07/10 10:11:42 [notice] 1#1: start worker process 39
2023/07/10 10:11:42 [notice] 1#1: start worker process 40
2023/07/10 10:11:42 [notice] 1#1: start worker process 41
2023/07/10 10:11:49 [error] 31#31: *1 open() "/usr/share/nginx/html/favicon.ico" failed (2: No such file or directory), client: 172.23.0.1, server: localhost, request: "GET /favicon.ico HTTP/1.1", host: "localhost", referrer: "http://localhost/"
2023/07/10 10:13:23 [error] 30#30: *2 open() "/usr/share/nginx/html/favicon.ico" failed (2: No such file or directory), client: 172.23.0.1, server: localhost, request: "GET /favicon.ico HTTP/1.1", host: "ipr.local", referrer: "http://ipr.local/"
2023/07/10 10:19:19 [notice] 1#1: signal 3 (SIGQUIT) received, shutting down
2023/07/10 10:19:19 [notice] 30#30: gracefully shutting down
2023/07/10 10:19:19 [notice] 31#31: gracefully shutting down
2023/07/10 10:19:19 [notice] 35#35: gracefully shutting down
2023/07/10 10:19:19 [notice] 33#33: gracefully shutting down
2023/07/10 10:19:19 [notice] 34#34: gracefully shutting down
2023/07/10 10:19:19 [notice] 32#32: gracefully shutting down
2023/07/10 10:19:19 [notice] 36#36: gracefully shutting down
2023/07/10 10:19:19 [notice] 30#30: exiting
2023/07/10 10:19:19 [notice] 31#31: exiting
2023/07/10 10:19:19 [notice] 39#39: gracefully shutting down
2023/07/10 10:19:19 [notice] 32#32: exiting
2023/07/10 10:19:19 [notice] 35#35: exiting
2023/07/10 10:19:19 [notice] 38#38: gracefully shutting down
2023/07/10 10:19:19 [notice] 37#37: gracefully shutting down
2023/07/10 10:19:19 [notice] 33#33: exiting
2023/07/10 10:19:19 [notice] 34#34: exiting
2023/07/10 10:19:19 [notice] 36#36: exiting
2023/07/10 10:19:19 [notice] 39#39: exiting
2023/07/10 10:19:19 [notice] 38#38: exiting
2023/07/10 10:19:19 [notice] 37#37: exiting
2023/07/10 10:19:19 [notice] 31#31: exit
2023/07/10 10:19:19 [notice] 35#35: exit
2023/07/10 10:19:19 [notice] 30#30: exit
2023/07/10 10:19:19 [notice] 36#36: exit
2023/07/10 10:19:19 [notice] 39#39: exit
2023/07/10 10:19:19 [notice] 32#32: exit
2023/07/10 10:19:19 [notice] 34#34: exit
2023/07/10 10:19:19 [notice] 33#33: exit
2023/07/10 10:19:19 [notice] 38#38: exit
2023/07/10 10:19:19 [notice] 37#37: exit
2023/07/10 10:19:19 [notice] 40#40: gracefully shutting down
2023/07/10 10:19:19 [notice] 40#40: exiting
2023/07/10 10:19:19 [notice] 41#41: gracefully shutting down
2023/07/10 10:19:19 [notice] 41#41: exiting
2023/07/10 10:19:19 [notice] 40#40: exit
2023/07/10 10:19:19 [notice] 41#41: exit
2023/07/10 10:19:19 [notice] 1#1: signal 17 (SIGCHLD) received from 30
2023/07/10 10:19:19 [notice] 1#1: worker process 30 exited with code 0
2023/07/10 10:19:19 [notice] 1#1: worker process 36 exited with code 0
2023/07/10 10:19:19 [notice] 1#1: worker process 40 exited with code 0
2023/07/10 10:19:19 [notice] 1#1: worker process 35 exited with code 0
2023/07/10 10:19:19 [notice] 1#1: signal 29 (SIGIO) received
2023/07/10 10:19:19 [notice] 1#1: signal 17 (SIGCHLD) received from 36
2023/07/10 10:19:19 [notice] 1#1: signal 17 (SIGCHLD) received from 38
2023/07/10 10:19:19 [notice] 1#1: worker process 38 exited with code 0
2023/07/10 10:19:19 [notice] 1#1: signal 29 (SIGIO) received
2023/07/10 10:19:19 [notice] 1#1: signal 17 (SIGCHLD) received from 34
2023/07/10 10:19:19 [notice] 1#1: worker process 34 exited with code 0
2023/07/10 10:19:19 [notice] 1#1: worker process 37 exited with code 0
2023/07/10 10:19:19 [notice] 1#1: signal 29 (SIGIO) received
2023/07/10 10:19:19 [notice] 1#1: signal 17 (SIGCHLD) received from 37
2023/07/10 10:19:19 [notice] 1#1: signal 17 (SIGCHLD) received from 31
2023/07/10 10:19:19 [notice] 1#1: worker process 31 exited with code 0
2023/07/10 10:19:19 [notice] 1#1: signal 29 (SIGIO) received
2023/07/10 10:19:19 [notice] 1#1: signal 17 (SIGCHLD) received from 33
2023/07/10 10:19:19 [notice] 1#1: worker process 33 exited with code 0
2023/07/10 10:19:19 [notice] 1#1: worker process 32 exited with code 0
2023/07/10 10:19:19 [notice] 1#1: signal 29 (SIGIO) received
2023/07/10 10:19:19 [notice] 1#1: signal 17 (SIGCHLD) received from 32
2023/07/10 10:19:19 [notice] 1#1: signal 17 (SIGCHLD) received from 39
2023/07/10 10:19:19 [notice] 1#1: worker process 39 exited with code 0
2023/07/10 10:19:19 [notice] 1#1: worker process 41 exited with code 0
2023/07/10 10:19:19 [notice] 1#1: exit
2023/07/10 10:19:26 [notice] 1#1: using the "epoll" event method
2023/07/10 10:19:26 [notice] 1#1: nginx/1.24.0
2023/07/10 10:19:26 [notice] 1#1: built by gcc 12.2.1 20220924 (Alpine 12.2.1_git20220924-r4) 
2023/07/10 10:19:26 [notice] 1#1: OS: Linux 5.19.0-46-generic
2023/07/10 10:19:26 [notice] 1#1: getrlimit(RLIMIT_NOFILE): 1048576:1048576
2023/07/10 10:19:26 [notice] 1#1: start worker processes
2023/07/10 10:19:26 [notice] 1#1: start worker process 32
2023/07/10 10:19:26 [notice] 1#1: start worker process 33
2023/07/10 10:19:26 [notice] 1#1: start worker process 34
2023/07/10 10:19:26 [notice] 1#1: start worker process 35
2023/07/10 10:19:26 [notice] 1#1: start worker process 36
2023/07/10 10:19:26 [notice] 1#1: start worker process 37
2023/07/10 10:19:26 [notice] 1#1: start worker process 38
2023/07/10 10:19:26 [notice] 1#1: start worker process 39
2023/07/10 10:19:26 [notice] 1#1: start worker process 40
2023/07/10 10:19:26 [notice] 1#1: start worker process 41
2023/07/10 10:19:26 [notice] 1#1: start worker process 42
2023/07/10 10:19:26 [notice] 1#1: start worker process 43
2023/07/10 10:24:05 [notice] 1#1: signal 3 (SIGQUIT) received, shutting down
2023/07/10 10:24:05 [notice] 32#32: gracefully shutting down
2023/07/10 10:24:05 [notice] 34#34: gracefully shutting down
2023/07/10 10:24:05 [notice] 33#33: gracefully shutting down
2023/07/10 10:24:05 [notice] 36#36: gracefully shutting down
2023/07/10 10:24:05 [notice] 35#35: gracefully shutting down
2023/07/10 10:24:05 [notice] 37#37: gracefully shutting down
2023/07/10 10:24:05 [notice] 38#38: gracefully shutting down
2023/07/10 10:24:05 [notice] 32#32: exiting
2023/07/10 10:24:05 [notice] 34#34: exiting
2023/07/10 10:24:05 [notice] 33#33: exiting
2023/07/10 10:24:05 [notice] 36#36: exiting
2023/07/10 10:24:05 [notice] 35#35: exiting
2023/07/10 10:24:05 [notice] 37#37: exiting
2023/07/10 10:24:05 [notice] 38#38: exiting
2023/07/10 10:24:05 [notice] 36#36: exit
2023/07/10 10:24:05 [notice] 35#35: exit
2023/07/10 10:24:05 [notice] 34#34: exit
2023/07/10 10:24:05 [notice] 37#37: exit
2023/07/10 10:24:05 [notice] 33#33: exit
2023/07/10 10:24:05 [notice] 32#32: exit
2023/07/10 10:24:05 [notice] 38#38: exit
2023/07/10 10:24:05 [notice] 40#40: gracefully shutting down
2023/07/10 10:24:05 [notice] 41#41: gracefully shutting down
2023/07/10 10:24:05 [notice] 40#40: exiting
2023/07/10 10:24:05 [notice] 41#41: exiting
2023/07/10 10:24:05 [notice] 42#42: gracefully shutting down
2023/07/10 10:24:05 [notice] 42#42: exiting
2023/07/10 10:24:05 [notice] 39#39: gracefully shutting down
2023/07/10 10:24:05 [notice] 40#40: exit
2023/07/10 10:24:05 [notice] 43#43: gracefully shutting down
2023/07/10 10:24:05 [notice] 39#39: exiting
2023/07/10 10:24:05 [notice] 41#41: exit
2023/07/10 10:24:05 [notice] 43#43: exiting
2023/07/10 10:24:05 [notice] 42#42: exit
2023/07/10 10:24:05 [notice] 39#39: exit
2023/07/10 10:24:05 [notice] 43#43: exit
2023/07/10 10:24:05 [notice] 1#1: signal 17 (SIGCHLD) received from 40
2023/07/10 10:24:05 [notice] 1#1: worker process 40 exited with code 0
2023/07/10 10:24:05 [notice] 1#1: signal 29 (SIGIO) received
2023/07/10 10:24:05 [notice] 1#1: signal 17 (SIGCHLD) received from 36
2023/07/10 10:24:05 [notice] 1#1: worker process 36 exited with code 0
2023/07/10 10:24:05 [notice] 1#1: signal 29 (SIGIO) received
2023/07/10 10:24:05 [notice] 1#1: signal 17 (SIGCHLD) received from 41
2023/07/10 10:24:05 [notice] 1#1: worker process 41 exited with code 0
2023/07/10 10:24:05 [notice] 1#1: worker process 32 exited with code 0
2023/07/10 10:24:05 [notice] 1#1: signal 29 (SIGIO) received
2023/07/10 10:24:05 [notice] 1#1: signal 17 (SIGCHLD) received from 32
2023/07/10 10:24:05 [notice] 1#1: signal 17 (SIGCHLD) received from 38
2023/07/10 10:24:05 [notice] 1#1: worker process 38 exited with code 0
2023/07/10 10:24:05 [notice] 1#1: signal 29 (SIGIO) received
2023/07/10 10:24:05 [notice] 1#1: signal 17 (SIGCHLD) received from 43
2023/07/10 10:24:05 [notice] 1#1: worker process 33 exited with code 0
2023/07/10 10:24:05 [notice] 1#1: worker process 43 exited with code 0
2023/07/10 10:24:05 [notice] 1#1: signal 29 (SIGIO) received
2023/07/10 10:24:05 [notice] 1#1: signal 17 (SIGCHLD) received from 34
2023/07/10 10:24:05 [notice] 1#1: worker process 34 exited with code 0
2023/07/10 10:24:05 [notice] 1#1: worker process 39 exited with code 0
2023/07/10 10:24:05 [notice] 1#1: signal 29 (SIGIO) received
2023/07/10 10:24:05 [notice] 1#1: signal 17 (SIGCHLD) received from 39
2023/07/10 10:24:05 [notice] 1#1: worker process 35 exited with code 0
2023/07/10 10:24:05 [notice] 1#1: signal 29 (SIGIO) received
2023/07/10 10:24:05 [notice] 1#1: signal 17 (SIGCHLD) received from 37
2023/07/10 10:24:05 [notice] 1#1: worker process 37 exited with code 0
2023/07/10 10:24:05 [notice] 1#1: worker process 42 exited with code 0
2023/07/10 10:24:05 [notice] 1#1: exit
2023/07/10 10:24:08 [notice] 1#1: using the "epoll" event method
2023/07/10 10:24:08 [notice] 1#1: nginx/1.24.0
2023/07/10 10:24:08 [notice] 1#1: built by gcc 12.2.1 20220924 (Alpine 12.2.1_git20220924-r4) 
2023/07/10 10:24:08 [notice] 1#1: OS: Linux 5.19.0-46-generic
2023/07/10 10:24:08 [notice] 1#1: getrlimit(RLIMIT_NOFILE): 1048576:1048576
2023/07/10 10:24:08 [notice] 1#1: start worker processes
2023/07/10 10:24:08 [notice] 1#1: start worker process 35
2023/07/10 10:24:08 [notice] 1#1: start worker process 36
2023/07/10 10:24:08 [notice] 1#1: start worker process 37
2023/07/10 10:24:08 [notice] 1#1: start worker process 38
2023/07/10 10:24:08 [notice] 1#1: start worker process 39
2023/07/10 10:24:08 [notice] 1#1: start worker process 40
2023/07/10 10:24:08 [notice] 1#1: start worker process 41
2023/07/10 10:24:08 [notice] 1#1: start worker process 42
2023/07/10 10:24:08 [notice] 1#1: start worker process 43
2023/07/10 10:24:08 [notice] 1#1: start worker process 44
2023/07/10 10:24:08 [notice] 1#1: start worker process 45
2023/07/10 10:24:08 [notice] 1#1: start worker process 46
2023/07/10 10:26:08 [notice] 1#1: signal 3 (SIGQUIT) received, shutting down
2023/07/10 10:26:08 [notice] 36#36: gracefully shutting down
2023/07/10 10:26:08 [notice] 37#37: gracefully shutting down
2023/07/10 10:26:08 [notice] 35#35: gracefully shutting down
2023/07/10 10:26:08 [notice] 38#38: gracefully shutting down
2023/07/10 10:26:08 [notice] 36#36: exiting
2023/07/10 10:26:08 [notice] 37#37: exiting
2023/07/10 10:26:08 [notice] 41#41: gracefully shutting down
2023/07/10 10:26:08 [notice] 39#39: gracefully shutting down
2023/07/10 10:26:08 [notice] 35#35: exiting
2023/07/10 10:26:08 [notice] 43#43: gracefully shutting down
2023/07/10 10:26:08 [notice] 38#38: exiting
2023/07/10 10:26:08 [notice] 41#41: exiting
2023/07/10 10:26:08 [notice] 46#46: gracefully shutting down
2023/07/10 10:26:08 [notice] 39#39: exiting
2023/07/10 10:26:08 [notice] 42#42: gracefully shutting down
2023/07/10 10:26:08 [notice] 43#43: exiting
2023/07/10 10:26:08 [notice] 40#40: gracefully shutting down
2023/07/10 10:26:08 [notice] 37#37: exit
2023/07/10 10:26:08 [notice] 36#36: exit
2023/07/10 10:26:08 [notice] 41#41: exit
2023/07/10 10:26:08 [notice] 35#35: exit
2023/07/10 10:26:08 [notice] 38#38: exit
2023/07/10 10:26:08 [notice] 44#44: gracefully shutting down
2023/07/10 10:26:08 [notice] 45#45: gracefully shutting down
2023/07/10 10:26:08 [notice] 46#46: exiting
2023/07/10 10:26:08 [notice] 42#42: exiting
2023/07/10 10:26:08 [notice] 40#40: exiting
2023/07/10 10:26:08 [notice] 43#43: exit
2023/07/10 10:26:08 [notice] 44#44: exiting
2023/07/10 10:26:08 [notice] 45#45: exiting
2023/07/10 10:26:08 [notice] 39#39: exit
2023/07/10 10:26:08 [notice] 42#42: exit
2023/07/10 10:26:08 [notice] 44#44: exit
2023/07/10 10:26:08 [notice] 45#45: exit
2023/07/10 10:26:08 [notice] 46#46: exit
2023/07/10 10:26:08 [notice] 40#40: exit
2023/07/10 10:26:08 [notice] 1#1: signal 17 (SIGCHLD) received from 43
2023/07/10 10:26:08 [notice] 1#1: worker process 43 exited with code 0
2023/07/10 10:26:08 [notice] 1#1: signal 29 (SIGIO) received
2023/07/10 10:26:08 [notice] 1#1: signal 17 (SIGCHLD) received from 41
2023/07/10 10:26:08 [notice] 1#1: worker process 39 exited with code 0
2023/07/10 10:26:08 [notice] 1#1: worker process 41 exited with code 0
2023/07/10 10:26:08 [notice] 1#1: signal 29 (SIGIO) received
2023/07/10 10:26:08 [notice] 1#1: signal 17 (SIGCHLD) received from 39
2023/07/10 10:26:08 [notice] 1#1: signal 17 (SIGCHLD) received from 37
2023/07/10 10:26:08 [notice] 1#1: worker process 37 exited with code 0
2023/07/10 10:26:08 [notice] 1#1: signal 29 (SIGIO) received
2023/07/10 10:26:08 [notice] 1#1: signal 17 (SIGCHLD) received from 40
2023/07/10 10:26:08 [notice] 1#1: worker process 40 exited with code 0
2023/07/10 10:26:08 [notice] 1#1: signal 29 (SIGIO) received
2023/07/10 10:26:08 [notice] 1#1: signal 17 (SIGCHLD) received from 42
2023/07/10 10:26:08 [notice] 1#1: worker process 42 exited with code 0
2023/07/10 10:26:08 [notice] 1#1: signal 29 (SIGIO) received
2023/07/10 10:26:08 [notice] 1#1: signal 17 (SIGCHLD) received from 35
2023/07/10 10:26:08 [notice] 1#1: worker process 35 exited with code 0
2023/07/10 10:26:08 [notice] 1#1: signal 29 (SIGIO) received
2023/07/10 10:26:08 [notice] 1#1: signal 17 (SIGCHLD) received from 46
2023/07/10 10:26:08 [notice] 1#1: worker process 45 exited with code 0
2023/07/10 10:26:08 [notice] 1#1: worker process 36 exited with code 0
2023/07/10 10:26:08 [notice] 1#1: worker process 46 exited with code 0
2023/07/10 10:26:08 [notice] 1#1: signal 29 (SIGIO) received
2023/07/10 10:26:08 [notice] 1#1: signal 17 (SIGCHLD) received from 45
2023/07/10 10:26:08 [notice] 1#1: signal 17 (SIGCHLD) received from 44
2023/07/10 10:26:08 [notice] 1#1: worker process 44 exited with code 0
2023/07/10 10:26:08 [notice] 1#1: signal 29 (SIGIO) received
2023/07/10 10:26:08 [notice] 1#1: signal 17 (SIGCHLD) received from 38
2023/07/10 10:26:08 [notice] 1#1: worker process 38 exited with code 0
2023/07/10 10:26:08 [notice] 1#1: exit
2023/07/10 10:26:11 [notice] 1#1: using the "epoll" event method
2023/07/10 10:26:11 [notice] 1#1: nginx/1.24.0
2023/07/10 10:26:11 [notice] 1#1: built by gcc 12.2.1 20220924 (Alpine 12.2.1_git20220924-r4) 
2023/07/10 10:26:11 [notice] 1#1: OS: Linux 5.19.0-46-generic
2023/07/10 10:26:11 [notice] 1#1: getrlimit(RLIMIT_NOFILE): 1048576:1048576
2023/07/10 10:26:11 [notice] 1#1: start worker processes
2023/07/10 10:26:11 [notice] 1#1: start worker process 35
2023/07/10 10:26:11 [notice] 1#1: start worker process 36
2023/07/10 10:26:11 [notice] 1#1: start worker process 37
2023/07/10 10:26:11 [notice] 1#1: start worker process 38
2023/07/10 10:26:11 [notice] 1#1: start worker process 39
2023/07/10 10:26:11 [notice] 1#1: start worker process 40
2023/07/10 10:26:11 [notice] 1#1: start worker process 41
2023/07/10 10:26:11 [notice] 1#1: start worker process 42
2023/07/10 10:26:11 [notice] 1#1: start worker process 43
2023/07/10 10:26:11 [notice] 1#1: start worker process 44
2023/07/10 10:26:11 [notice] 1#1: start worker process 45
2023/07/10 10:26:11 [notice] 1#1: start worker process 46
2023/07/10 10:43:52 [notice] 1#1: signal 3 (SIGQUIT) received, shutting down
2023/07/10 10:43:52 [notice] 35#35: gracefully shutting down
2023/07/10 10:43:52 [notice] 39#39: gracefully shutting down
2023/07/10 10:43:52 [notice] 36#36: gracefully shutting down
2023/07/10 10:43:52 [notice] 35#35: exiting
2023/07/10 10:43:52 [notice] 39#39: exiting
2023/07/10 10:43:52 [notice] 40#40: gracefully shutting down
2023/07/10 10:43:52 [notice] 36#36: exiting
2023/07/10 10:43:52 [notice] 40#40: exiting
2023/07/10 10:43:52 [notice] 39#39: exit
2023/07/10 10:43:52 [notice] 35#35: exit
2023/07/10 10:43:52 [notice] 37#37: gracefully shutting down
2023/07/10 10:43:52 [notice] 36#36: exit
2023/07/10 10:43:52 [notice] 40#40: exit
2023/07/10 10:43:52 [notice] 37#37: exiting
2023/07/10 10:43:52 [notice] 37#37: exit
2023/07/10 10:43:52 [notice] 41#41: gracefully shutting down
2023/07/10 10:43:52 [notice] 41#41: exiting
2023/07/10 10:43:52 [notice] 41#41: exit
2023/07/10 10:43:52 [notice] 42#42: gracefully shutting down
2023/07/10 10:43:52 [notice] 42#42: exiting
2023/07/10 10:43:52 [notice] 42#42: exit
2023/07/10 10:43:52 [notice] 43#43: gracefully shutting down
2023/07/10 10:43:52 [notice] 43#43: exiting
2023/07/10 10:43:52 [notice] 43#43: exit
2023/07/10 10:43:52 [notice] 44#44: gracefully shutting down
2023/07/10 10:43:52 [notice] 44#44: exiting
2023/07/10 10:43:52 [notice] 44#44: exit
2023/07/10 10:43:52 [notice] 46#46: gracefully shutting down
2023/07/10 10:43:52 [notice] 46#46: exiting
2023/07/10 10:43:52 [notice] 38#38: gracefully shutting down
2023/07/10 10:43:52 [notice] 38#38: exiting
2023/07/10 10:43:52 [notice] 46#46: exit
2023/07/10 10:43:52 [notice] 38#38: exit
2023/07/10 10:43:52 [notice] 45#45: gracefully shutting down
2023/07/10 10:43:52 [notice] 45#45: exiting
2023/07/10 10:43:52 [notice] 45#45: exit
2023/07/10 10:43:52 [notice] 1#1: signal 17 (SIGCHLD) received from 44
2023/07/10 10:43:52 [notice] 1#1: worker process 38 exited with code 0
2023/07/10 10:43:52 [notice] 1#1: worker process 44 exited with code 0
2023/07/10 10:43:52 [notice] 1#1: signal 29 (SIGIO) received
2023/07/10 10:43:52 [notice] 1#1: signal 17 (SIGCHLD) received from 35
2023/07/10 10:43:52 [notice] 1#1: worker process 35 exited with code 0
2023/07/10 10:43:52 [notice] 1#1: signal 29 (SIGIO) received
2023/07/10 10:43:52 [notice] 1#1: signal 17 (SIGCHLD) received from 37
2023/07/10 10:43:52 [notice] 1#1: worker process 36 exited with code 0
2023/07/10 10:43:52 [notice] 1#1: worker process 37 exited with code 0
2023/07/10 10:43:52 [notice] 1#1: signal 29 (SIGIO) received
2023/07/10 10:43:52 [notice] 1#1: signal 17 (SIGCHLD) received from 43
2023/07/10 10:43:52 [notice] 1#1: worker process 39 exited with code 0
2023/07/10 10:43:52 [notice] 1#1: worker process 43 exited with code 0
2023/07/10 10:43:52 [notice] 1#1: signal 29 (SIGIO) received
2023/07/10 10:43:52 [notice] 1#1: signal 17 (SIGCHLD) received from 41
2023/07/10 10:43:52 [notice] 1#1: worker process 41 exited with code 0
2023/07/10 10:43:52 [notice] 1#1: worker process 42 exited with code 0
2023/07/10 10:43:52 [notice] 1#1: worker process 45 exited with code 0
2023/07/10 10:43:52 [notice] 1#1: signal 29 (SIGIO) received
2023/07/10 10:43:52 [notice] 1#1: signal 17 (SIGCHLD) received from 46
2023/07/10 10:43:52 [notice] 1#1: worker process 46 exited with code 0
2023/07/10 10:43:52 [notice] 1#1: signal 29 (SIGIO) received
2023/07/10 10:43:52 [notice] 1#1: signal 17 (SIGCHLD) received from 40
2023/07/10 10:43:52 [notice] 1#1: worker process 40 exited with code 0
2023/07/10 10:43:52 [notice] 1#1: exit
2023/07/10 10:44:17 [notice] 1#1: using the "epoll" event method
2023/07/10 10:44:17 [notice] 1#1: nginx/1.24.0
2023/07/10 10:44:17 [notice] 1#1: built by gcc 12.2.1 20220924 (Alpine 12.2.1_git20220924-r4) 
2023/07/10 10:44:17 [notice] 1#1: OS: Linux 5.19.0-46-generic
2023/07/10 10:44:17 [notice] 1#1: getrlimit(RLIMIT_NOFILE): 1048576:1048576
2023/07/10 10:44:17 [notice] 1#1: start worker processes
2023/07/10 10:44:17 [notice] 1#1: start worker process 34
2023/07/10 10:44:17 [notice] 1#1: start worker process 35
2023/07/10 10:44:17 [notice] 1#1: start worker process 36
2023/07/10 10:44:17 [notice] 1#1: start worker process 37
2023/07/10 10:44:17 [notice] 1#1: start worker process 38
2023/07/10 10:44:17 [notice] 1#1: start worker process 39
2023/07/10 10:44:17 [notice] 1#1: start worker process 40
2023/07/10 10:44:17 [notice] 1#1: start worker process 41
2023/07/10 10:44:17 [notice] 1#1: start worker process 42
2023/07/10 10:44:17 [notice] 1#1: start worker process 43
2023/07/10 10:44:17 [notice] 1#1: start worker process 44
2023/07/10 10:44:17 [notice] 1#1: start worker process 45
2023/07/10 10:51:59 [notice] 1#1: signal 3 (SIGQUIT) received, shutting down
2023/07/10 10:51:59 [notice] 34#34: gracefully shutting down
2023/07/10 10:51:59 [notice] 36#36: gracefully shutting down
2023/07/10 10:51:59 [notice] 35#35: gracefully shutting down
2023/07/10 10:51:59 [notice] 34#34: exiting
2023/07/10 10:51:59 [notice] 36#36: exiting
2023/07/10 10:51:59 [notice] 35#35: exiting
2023/07/10 10:51:59 [notice] 34#34: exit
2023/07/10 10:51:59 [notice] 36#36: exit
2023/07/10 10:51:59 [notice] 35#35: exit
2023/07/10 10:51:59 [notice] 38#38: gracefully shutting down
2023/07/10 10:51:59 [notice] 41#41: gracefully shutting down
2023/07/10 10:51:59 [notice] 38#38: exiting
2023/07/10 10:51:59 [notice] 39#39: gracefully shutting down
2023/07/10 10:51:59 [notice] 43#43: gracefully shutting down
2023/07/10 10:51:59 [notice] 41#41: exiting
2023/07/10 10:51:59 [notice] 42#42: gracefully shutting down
2023/07/10 10:51:59 [notice] 39#39: exiting
2023/07/10 10:51:59 [notice] 43#43: exiting
2023/07/10 10:51:59 [notice] 42#42: exiting
2023/07/10 10:51:59 [notice] 38#38: exit
2023/07/10 10:51:59 [notice] 41#41: exit
2023/07/10 10:51:59 [notice] 39#39: exit
2023/07/10 10:51:59 [notice] 42#42: exit
2023/07/10 10:51:59 [notice] 40#40: gracefully shutting down
2023/07/10 10:51:59 [notice] 40#40: exiting
2023/07/10 10:51:59 [notice] 43#43: exit
2023/07/10 10:51:59 [notice] 45#45: gracefully shutting down
2023/07/10 10:51:59 [notice] 45#45: exiting
2023/07/10 10:51:59 [notice] 40#40: exit
2023/07/10 10:51:59 [notice] 45#45: exit
2023/07/10 10:51:59 [notice] 44#44: gracefully shutting down
2023/07/10 10:51:59 [notice] 37#37: gracefully shutting down
2023/07/10 10:51:59 [notice] 44#44: exiting
2023/07/10 10:51:59 [notice] 37#37: exiting
2023/07/10 10:51:59 [notice] 44#44: exit
2023/07/10 10:51:59 [notice] 37#37: exit
2023/07/10 10:51:59 [notice] 1#1: signal 17 (SIGCHLD) received from 37
2023/07/10 10:51:59 [notice] 1#1: worker process 37 exited with code 0
2023/07/10 10:51:59 [notice] 1#1: signal 29 (SIGIO) received
2023/07/10 10:51:59 [notice] 1#1: signal 17 (SIGCHLD) received from 34
2023/07/10 10:51:59 [notice] 1#1: worker process 34 exited with code 0
2023/07/10 10:51:59 [notice] 1#1: signal 29 (SIGIO) received
2023/07/10 10:51:59 [notice] 1#1: signal 17 (SIGCHLD) received from 38
2023/07/10 10:51:59 [notice] 1#1: worker process 38 exited with code 0
2023/07/10 10:51:59 [notice] 1#1: worker process 45 exited with code 0
2023/07/10 10:51:59 [notice] 1#1: worker process 41 exited with code 0
2023/07/10 10:51:59 [notice] 1#1: signal 29 (SIGIO) received
2023/07/10 10:51:59 [notice] 1#1: signal 17 (SIGCHLD) received from 45
2023/07/10 10:51:59 [notice] 1#1: signal 17 (SIGCHLD) received from 35
2023/07/10 10:51:59 [notice] 1#1: worker process 35 exited with code 0
2023/07/10 10:51:59 [notice] 1#1: signal 29 (SIGIO) received
2023/07/10 10:51:59 [notice] 1#1: signal 17 (SIGCHLD) received from 39
2023/07/10 10:51:59 [notice] 1#1: worker process 39 exited with code 0
2023/07/10 10:51:59 [notice] 1#1: worker process 44 exited with code 0
2023/07/10 10:51:59 [notice] 1#1: signal 29 (SIGIO) received
2023/07/10 10:51:59 [notice] 1#1: signal 17 (SIGCHLD) received from 44
2023/07/10 10:51:59 [notice] 1#1: signal 17 (SIGCHLD) received from 42
2023/07/10 10:51:59 [notice] 1#1: worker process 42 exited with code 0
2023/07/10 10:51:59 [notice] 1#1: signal 29 (SIGIO) received
2023/07/10 10:51:59 [notice] 1#1: signal 17 (SIGCHLD) received from 43
2023/07/10 10:51:59 [notice] 1#1: worker process 43 exited with code 0
2023/07/10 10:51:59 [notice] 1#1: signal 29 (SIGIO) received
2023/07/10 10:51:59 [notice] 1#1: signal 17 (SIGCHLD) received from 36
2023/07/10 10:51:59 [notice] 1#1: worker process 36 exited with code 0
2023/07/10 10:51:59 [notice] 1#1: worker process 40 exited with code 0
2023/07/10 10:51:59 [notice] 1#1: exit
2023/07/10 10:52:02 [notice] 1#1: using the "epoll" event method
2023/07/10 10:52:02 [notice] 1#1: nginx/1.24.0
2023/07/10 10:52:02 [notice] 1#1: built by gcc 12.2.1 20220924 (Alpine 12.2.1_git20220924-r4) 
2023/07/10 10:52:02 [notice] 1#1: OS: Linux 5.19.0-46-generic
2023/07/10 10:52:02 [notice] 1#1: getrlimit(RLIMIT_NOFILE): 1048576:1048576
2023/07/10 10:52:02 [notice] 1#1: start worker processes
2023/07/10 10:52:02 [notice] 1#1: start worker process 35
2023/07/10 10:52:02 [notice] 1#1: start worker process 36
2023/07/10 10:52:02 [notice] 1#1: start worker process 37
2023/07/10 10:52:02 [notice] 1#1: start worker process 38
2023/07/10 10:52:02 [notice] 1#1: start worker process 39
2023/07/10 10:52:02 [notice] 1#1: start worker process 40
2023/07/10 10:52:02 [notice] 1#1: start worker process 41
2023/07/10 10:52:02 [notice] 1#1: start worker process 42
2023/07/10 10:52:02 [notice] 1#1: start worker process 43
2023/07/10 10:52:02 [notice] 1#1: start worker process 44
2023/07/10 10:52:02 [notice] 1#1: start worker process 45
2023/07/10 10:52:02 [notice] 1#1: start worker process 46
